<testsuites id="" name="" tests="15" failures="5" skipped="0" errors="0" time="230.20133">
<testsuite name="production-integration-test.spec.ts" timestamp="2025-05-30T10:37:55.620Z" hostname="chromium" tests="3" failures="1" skipped="0" time="45.617" errors="0">
<testcase name="Production AIrWAVE Integration Tests with Demo Auth â€º Complete Platform Integration Test" classname="production-integration-test.spec.ts" time="16.161">
<failure message="production-integration-test.spec.ts:31:7 Complete Platform Integration Test" type="FAILURE">
<![CDATA[  [chromium] â€º production-integration-test.spec.ts:31:7 â€º Production AIrWAVE Integration Tests with Demo Auth â€º Complete Platform Integration Test 

    Error: Timed out 10000ms waiting for expect(locator).toBeVisible()

    Locator: locator('main, [role="main"], .dashboard')
    Expected: visible
    Received: <element(s) not found>
    Call log:
      - expect.toBeVisible with timeout 10000ms
      - waiting for locator('main, [role="main"], .dashboard')


      37 |     // Verify dashboard access
      38 |     const dashboardContent = page.locator('main, [role="main"], .dashboard');
    > 39 |     await expect(dashboardContent).toBeVisible({ timeout: 10000 });
         |                                    ^
      40 |     console.log('âœ… Dashboard accessible');
      41 |     
      42 |     // Test 2: OpenAI Integration
        at /Users/thomasdowuona-hyde/AIRWAVE_0525_CODEX/tests/e2e/production-integration-test.spec.ts:39:36

    attachment #1: screenshot (image/png) â”€â”€â”€â”€â”€â”€â”€â”€â”€â”€â”€â”€â”€â”€â”€â”€â”€â”€â”€â”€â”€â”€â”€â”€â”€â”€â”€â”€â”€â”€â”€â”€â”€â”€â”€â”€â”€â”€â”€â”€â”€â”€â”€â”€â”€â”€â”€â”€â”€â”€â”€â”€â”€â”€â”€â”€â”€â”€
    test-results/production-integration-tes-801c4-e-Platform-Integration-Test-chromium/test-failed-1.png
    â”€â”€â”€â”€â”€â”€â”€â”€â”€â”€â”€â”€â”€â”€â”€â”€â”€â”€â”€â”€â”€â”€â”€â”€â”€â”€â”€â”€â”€â”€â”€â”€â”€â”€â”€â”€â”€â”€â”€â”€â”€â”€â”€â”€â”€â”€â”€â”€â”€â”€â”€â”€â”€â”€â”€â”€â”€â”€â”€â”€â”€â”€â”€â”€â”€â”€â”€â”€â”€â”€â”€â”€â”€â”€â”€â”€â”€â”€â”€â”€â”€â”€â”€â”€â”€â”€â”€â”€â”€â”€â”€â”€â”€â”€â”€â”€

    attachment #2: video (video/webm) â”€â”€â”€â”€â”€â”€â”€â”€â”€â”€â”€â”€â”€â”€â”€â”€â”€â”€â”€â”€â”€â”€â”€â”€â”€â”€â”€â”€â”€â”€â”€â”€â”€â”€â”€â”€â”€â”€â”€â”€â”€â”€â”€â”€â”€â”€â”€â”€â”€â”€â”€â”€â”€â”€â”€â”€â”€â”€â”€â”€â”€â”€
    test-results/production-integration-tes-801c4-e-Platform-Integration-Test-chromium/video.webm
    â”€â”€â”€â”€â”€â”€â”€â”€â”€â”€â”€â”€â”€â”€â”€â”€â”€â”€â”€â”€â”€â”€â”€â”€â”€â”€â”€â”€â”€â”€â”€â”€â”€â”€â”€â”€â”€â”€â”€â”€â”€â”€â”€â”€â”€â”€â”€â”€â”€â”€â”€â”€â”€â”€â”€â”€â”€â”€â”€â”€â”€â”€â”€â”€â”€â”€â”€â”€â”€â”€â”€â”€â”€â”€â”€â”€â”€â”€â”€â”€â”€â”€â”€â”€â”€â”€â”€â”€â”€â”€â”€â”€â”€â”€â”€â”€

    Error Context: ../../test-results/production-integration-tes-801c4-e-Platform-Integration-Test-chromium/error-context.md
]]>
</failure>
<system-out>
<![CDATA[ðŸš€ Testing complete AIrWAVE platform integration...
ðŸŽ¯ Using demo authentication...
âœ… Demo authentication completed

[[ATTACHMENT|production-integration-tes-801c4-e-Platform-Integration-Test-chromium/test-failed-1.png]]

[[ATTACHMENT|production-integration-tes-801c4-e-Platform-Integration-Test-chromium/video.webm]]

[[ATTACHMENT|production-integration-tes-801c4-e-Platform-Integration-Test-chromium/error-context.md]]
]]>
</system-out>
</testcase>
<testcase name="Production AIrWAVE Integration Tests with Demo Auth â€º Performance and Load Test" classname="production-integration-test.spec.ts" time="22.807">
<system-out>
<![CDATA[âš¡ Testing performance and load times...
Landing page load time: 1384ms
ðŸŽ¯ Using demo authentication...
âœ… Demo authentication completed
Authentication flow time: 4438ms
OpenAI Test response time: 1957ms âœ…
Creatomate Test response time: 771ms âœ…
Health Check response time: 11692ms âœ…
/dashboard navigation time: 732ms
/assets navigation time: 673ms
/generate-enhanced navigation time: 675ms
âš¡ Performance testing completed

[[ATTACHMENT|production-integration-tes-eb1bf-h-Performance-and-Load-Test-chromium/test-finished-1.png]]
]]>
</system-out>
</testcase>
<testcase name="Production AIrWAVE Integration Tests with Demo Auth â€º Error Handling and Edge Cases" classname="production-integration-test.spec.ts" time="6.649">
<system-out>
<![CDATA[ðŸ›¡ï¸ Testing error handling and edge cases...
ðŸŽ¯ Using demo authentication...
âœ… Demo authentication completed
Invalid Video Status: âœ… PROPERLY REJECTED
Invalid AI Generation: âœ… PROPERLY REJECTED
ðŸ“¡ Testing offline behavior...
Offline handling: âš ï¸ NO SPECIFIC HANDLING
ðŸ›¡ï¸ Error handling testing completed

[[ATTACHMENT|production-integration-tes-48bdd-ror-Handling-and-Edge-Cases-chromium/test-finished-1.png]]
]]>
</system-out>
</testcase>
</testsuite>
<testsuite name="production-integration-test.spec.ts" timestamp="2025-05-30T10:37:55.620Z" hostname="firefox" tests="3" failures="1" skipped="0" time="45.32" errors="0">
<testcase name="Production AIrWAVE Integration Tests with Demo Auth â€º Complete Platform Integration Test" classname="production-integration-test.spec.ts" time="16.113">
<failure message="production-integration-test.spec.ts:31:7 Complete Platform Integration Test" type="FAILURE">
<![CDATA[  [firefox] â€º production-integration-test.spec.ts:31:7 â€º Production AIrWAVE Integration Tests with Demo Auth â€º Complete Platform Integration Test 

    Error: Timed out 10000ms waiting for expect(locator).toBeVisible()

    Locator: locator('main, [role="main"], .dashboard')
    Expected: visible
    Received: <element(s) not found>
    Call log:
      - expect.toBeVisible with timeout 10000ms
      - waiting for locator('main, [role="main"], .dashboard')


      37 |     // Verify dashboard access
      38 |     const dashboardContent = page.locator('main, [role="main"], .dashboard');
    > 39 |     await expect(dashboardContent).toBeVisible({ timeout: 10000 });
         |                                    ^
      40 |     console.log('âœ… Dashboard accessible');
      41 |     
      42 |     // Test 2: OpenAI Integration
        at /Users/thomasdowuona-hyde/AIRWAVE_0525_CODEX/tests/e2e/production-integration-test.spec.ts:39:36

    attachment #1: screenshot (image/png) â”€â”€â”€â”€â”€â”€â”€â”€â”€â”€â”€â”€â”€â”€â”€â”€â”€â”€â”€â”€â”€â”€â”€â”€â”€â”€â”€â”€â”€â”€â”€â”€â”€â”€â”€â”€â”€â”€â”€â”€â”€â”€â”€â”€â”€â”€â”€â”€â”€â”€â”€â”€â”€â”€â”€â”€â”€â”€
    test-results/production-integration-tes-801c4-e-Platform-Integration-Test-firefox/test-failed-1.png
    â”€â”€â”€â”€â”€â”€â”€â”€â”€â”€â”€â”€â”€â”€â”€â”€â”€â”€â”€â”€â”€â”€â”€â”€â”€â”€â”€â”€â”€â”€â”€â”€â”€â”€â”€â”€â”€â”€â”€â”€â”€â”€â”€â”€â”€â”€â”€â”€â”€â”€â”€â”€â”€â”€â”€â”€â”€â”€â”€â”€â”€â”€â”€â”€â”€â”€â”€â”€â”€â”€â”€â”€â”€â”€â”€â”€â”€â”€â”€â”€â”€â”€â”€â”€â”€â”€â”€â”€â”€â”€â”€â”€â”€â”€â”€â”€

    attachment #2: video (video/webm) â”€â”€â”€â”€â”€â”€â”€â”€â”€â”€â”€â”€â”€â”€â”€â”€â”€â”€â”€â”€â”€â”€â”€â”€â”€â”€â”€â”€â”€â”€â”€â”€â”€â”€â”€â”€â”€â”€â”€â”€â”€â”€â”€â”€â”€â”€â”€â”€â”€â”€â”€â”€â”€â”€â”€â”€â”€â”€â”€â”€â”€â”€
    test-results/production-integration-tes-801c4-e-Platform-Integration-Test-firefox/video.webm
    â”€â”€â”€â”€â”€â”€â”€â”€â”€â”€â”€â”€â”€â”€â”€â”€â”€â”€â”€â”€â”€â”€â”€â”€â”€â”€â”€â”€â”€â”€â”€â”€â”€â”€â”€â”€â”€â”€â”€â”€â”€â”€â”€â”€â”€â”€â”€â”€â”€â”€â”€â”€â”€â”€â”€â”€â”€â”€â”€â”€â”€â”€â”€â”€â”€â”€â”€â”€â”€â”€â”€â”€â”€â”€â”€â”€â”€â”€â”€â”€â”€â”€â”€â”€â”€â”€â”€â”€â”€â”€â”€â”€â”€â”€â”€â”€

    Error Context: ../../test-results/production-integration-tes-801c4-e-Platform-Integration-Test-firefox/error-context.md
]]>
</failure>
<system-out>
<![CDATA[ðŸš€ Testing complete AIrWAVE platform integration...
ðŸŽ¯ Using demo authentication...
âœ… Demo authentication completed

[[ATTACHMENT|production-integration-tes-801c4-e-Platform-Integration-Test-firefox/test-failed-1.png]]

[[ATTACHMENT|production-integration-tes-801c4-e-Platform-Integration-Test-firefox/video.webm]]

[[ATTACHMENT|production-integration-tes-801c4-e-Platform-Integration-Test-firefox/error-context.md]]
]]>
</system-out>
</testcase>
<testcase name="Production AIrWAVE Integration Tests with Demo Auth â€º Performance and Load Test" classname="production-integration-test.spec.ts" time="20.353">
<system-out>
<![CDATA[âš¡ Testing performance and load times...
Landing page load time: 848ms
ðŸŽ¯ Using demo authentication...
âœ… Demo authentication completed
Authentication flow time: 4348ms
OpenAI Test response time: 964ms âœ…
Creatomate Test response time: 532ms âœ…
Health Check response time: 10878ms âœ…
/dashboard navigation time: 745ms
/assets navigation time: 688ms
/generate-enhanced navigation time: 723ms
âš¡ Performance testing completed

[[ATTACHMENT|production-integration-tes-eb1bf-h-Performance-and-Load-Test-firefox/test-finished-1.png]]
]]>
</system-out>
</testcase>
<testcase name="Production AIrWAVE Integration Tests with Demo Auth â€º Error Handling and Edge Cases" classname="production-integration-test.spec.ts" time="8.854">
<system-out>
<![CDATA[ðŸ›¡ï¸ Testing error handling and edge cases...
ðŸŽ¯ Using demo authentication...
âœ… Demo authentication completed
Invalid Video Status: âœ… PROPERLY REJECTED
Invalid AI Generation: âœ… PROPERLY REJECTED
ðŸ“¡ Testing offline behavior...
Offline handling: âš ï¸ BASIC
ðŸ›¡ï¸ Error handling testing completed

[[ATTACHMENT|production-integration-tes-48bdd-ror-Handling-and-Edge-Cases-firefox/test-finished-1.png]]
]]>
</system-out>
</testcase>
</testsuite>
<testsuite name="production-integration-test.spec.ts" timestamp="2025-05-30T10:37:55.620Z" hostname="webkit" tests="3" failures="1" skipped="0" time="41.266" errors="0">
<testcase name="Production AIrWAVE Integration Tests with Demo Auth â€º Complete Platform Integration Test" classname="production-integration-test.spec.ts" time="15.375">
<failure message="production-integration-test.spec.ts:31:7 Complete Platform Integration Test" type="FAILURE">
<![CDATA[  [webkit] â€º production-integration-test.spec.ts:31:7 â€º Production AIrWAVE Integration Tests with Demo Auth â€º Complete Platform Integration Test 

    Error: Timed out 10000ms waiting for expect(locator).toBeVisible()

    Locator: locator('main, [role="main"], .dashboard')
    Expected: visible
    Received: <element(s) not found>
    Call log:
      - expect.toBeVisible with timeout 10000ms
      - waiting for locator('main, [role="main"], .dashboard')


      37 |     // Verify dashboard access
      38 |     const dashboardContent = page.locator('main, [role="main"], .dashboard');
    > 39 |     await expect(dashboardContent).toBeVisible({ timeout: 10000 });
         |                                    ^
      40 |     console.log('âœ… Dashboard accessible');
      41 |     
      42 |     // Test 2: OpenAI Integration
        at /Users/thomasdowuona-hyde/AIRWAVE_0525_CODEX/tests/e2e/production-integration-test.spec.ts:39:36

    attachment #1: screenshot (image/png) â”€â”€â”€â”€â”€â”€â”€â”€â”€â”€â”€â”€â”€â”€â”€â”€â”€â”€â”€â”€â”€â”€â”€â”€â”€â”€â”€â”€â”€â”€â”€â”€â”€â”€â”€â”€â”€â”€â”€â”€â”€â”€â”€â”€â”€â”€â”€â”€â”€â”€â”€â”€â”€â”€â”€â”€â”€â”€
    test-results/production-integration-tes-801c4-e-Platform-Integration-Test-webkit/test-failed-1.png
    â”€â”€â”€â”€â”€â”€â”€â”€â”€â”€â”€â”€â”€â”€â”€â”€â”€â”€â”€â”€â”€â”€â”€â”€â”€â”€â”€â”€â”€â”€â”€â”€â”€â”€â”€â”€â”€â”€â”€â”€â”€â”€â”€â”€â”€â”€â”€â”€â”€â”€â”€â”€â”€â”€â”€â”€â”€â”€â”€â”€â”€â”€â”€â”€â”€â”€â”€â”€â”€â”€â”€â”€â”€â”€â”€â”€â”€â”€â”€â”€â”€â”€â”€â”€â”€â”€â”€â”€â”€â”€â”€â”€â”€â”€â”€â”€

    attachment #2: video (video/webm) â”€â”€â”€â”€â”€â”€â”€â”€â”€â”€â”€â”€â”€â”€â”€â”€â”€â”€â”€â”€â”€â”€â”€â”€â”€â”€â”€â”€â”€â”€â”€â”€â”€â”€â”€â”€â”€â”€â”€â”€â”€â”€â”€â”€â”€â”€â”€â”€â”€â”€â”€â”€â”€â”€â”€â”€â”€â”€â”€â”€â”€â”€
    test-results/production-integration-tes-801c4-e-Platform-Integration-Test-webkit/video.webm
    â”€â”€â”€â”€â”€â”€â”€â”€â”€â”€â”€â”€â”€â”€â”€â”€â”€â”€â”€â”€â”€â”€â”€â”€â”€â”€â”€â”€â”€â”€â”€â”€â”€â”€â”€â”€â”€â”€â”€â”€â”€â”€â”€â”€â”€â”€â”€â”€â”€â”€â”€â”€â”€â”€â”€â”€â”€â”€â”€â”€â”€â”€â”€â”€â”€â”€â”€â”€â”€â”€â”€â”€â”€â”€â”€â”€â”€â”€â”€â”€â”€â”€â”€â”€â”€â”€â”€â”€â”€â”€â”€â”€â”€â”€â”€â”€

    Error Context: ../../test-results/production-integration-tes-801c4-e-Platform-Integration-Test-webkit/error-context.md
]]>
</failure>
<system-out>
<![CDATA[ðŸš€ Testing complete AIrWAVE platform integration...
ðŸŽ¯ Using demo authentication...
âœ… Demo authentication completed

[[ATTACHMENT|production-integration-tes-801c4-e-Platform-Integration-Test-webkit/test-failed-1.png]]

[[ATTACHMENT|production-integration-tes-801c4-e-Platform-Integration-Test-webkit/video.webm]]

[[ATTACHMENT|production-integration-tes-801c4-e-Platform-Integration-Test-webkit/error-context.md]]
]]>
</system-out>
</testcase>
<testcase name="Production AIrWAVE Integration Tests with Demo Auth â€º Performance and Load Test" classname="production-integration-test.spec.ts" time="20.403">
<system-out>
<![CDATA[âš¡ Testing performance and load times...
Landing page load time: 492ms
ðŸŽ¯ Using demo authentication...
âœ… Demo authentication completed
Authentication flow time: 4457ms
OpenAI Test response time: 1775ms âœ…
Creatomate Test response time: 531ms âœ…
Health Check response time: 10818ms âœ…
/dashboard navigation time: 687ms
/assets navigation time: 729ms
/generate-enhanced navigation time: 665ms
âš¡ Performance testing completed

[[ATTACHMENT|production-integration-tes-eb1bf-h-Performance-and-Load-Test-webkit/test-finished-1.png]]
]]>
</system-out>
</testcase>
<testcase name="Production AIrWAVE Integration Tests with Demo Auth â€º Error Handling and Edge Cases" classname="production-integration-test.spec.ts" time="5.488">
<system-out>
<![CDATA[ðŸ›¡ï¸ Testing error handling and edge cases...
ðŸŽ¯ Using demo authentication...
âœ… Demo authentication completed
Invalid Video Status: âœ… PROPERLY REJECTED
Invalid AI Generation: âœ… PROPERLY REJECTED
ðŸ“¡ Testing offline behavior...
Offline handling: âš ï¸ NO SPECIFIC HANDLING
ðŸ›¡ï¸ Error handling testing completed

[[ATTACHMENT|production-integration-tes-48bdd-ror-Handling-and-Edge-Cases-webkit/test-finished-1.png]]
]]>
</system-out>
</testcase>
</testsuite>
<testsuite name="production-integration-test.spec.ts" timestamp="2025-05-30T10:37:55.620Z" hostname="Mobile Chrome" tests="3" failures="1" skipped="0" time="44.635" errors="0">
<testcase name="Production AIrWAVE Integration Tests with Demo Auth â€º Complete Platform Integration Test" classname="production-integration-test.spec.ts" time="16.39">
<failure message="production-integration-test.spec.ts:31:7 Complete Platform Integration Test" type="FAILURE">
<![CDATA[  [Mobile Chrome] â€º production-integration-test.spec.ts:31:7 â€º Production AIrWAVE Integration Tests with Demo Auth â€º Complete Platform Integration Test 

    Error: Timed out 10000ms waiting for expect(locator).toBeVisible()

    Locator: locator('main, [role="main"], .dashboard')
    Expected: visible
    Received: <element(s) not found>
    Call log:
      - expect.toBeVisible with timeout 10000ms
      - waiting for locator('main, [role="main"], .dashboard')


      37 |     // Verify dashboard access
      38 |     const dashboardContent = page.locator('main, [role="main"], .dashboard');
    > 39 |     await expect(dashboardContent).toBeVisible({ timeout: 10000 });
         |                                    ^
      40 |     console.log('âœ… Dashboard accessible');
      41 |     
      42 |     // Test 2: OpenAI Integration
        at /Users/thomasdowuona-hyde/AIRWAVE_0525_CODEX/tests/e2e/production-integration-test.spec.ts:39:36

    attachment #1: screenshot (image/png) â”€â”€â”€â”€â”€â”€â”€â”€â”€â”€â”€â”€â”€â”€â”€â”€â”€â”€â”€â”€â”€â”€â”€â”€â”€â”€â”€â”€â”€â”€â”€â”€â”€â”€â”€â”€â”€â”€â”€â”€â”€â”€â”€â”€â”€â”€â”€â”€â”€â”€â”€â”€â”€â”€â”€â”€â”€â”€
    test-results/production-integration-tes-801c4-e-Platform-Integration-Test-Mobile-Chrome/test-failed-1.png
    â”€â”€â”€â”€â”€â”€â”€â”€â”€â”€â”€â”€â”€â”€â”€â”€â”€â”€â”€â”€â”€â”€â”€â”€â”€â”€â”€â”€â”€â”€â”€â”€â”€â”€â”€â”€â”€â”€â”€â”€â”€â”€â”€â”€â”€â”€â”€â”€â”€â”€â”€â”€â”€â”€â”€â”€â”€â”€â”€â”€â”€â”€â”€â”€â”€â”€â”€â”€â”€â”€â”€â”€â”€â”€â”€â”€â”€â”€â”€â”€â”€â”€â”€â”€â”€â”€â”€â”€â”€â”€â”€â”€â”€â”€â”€â”€

    attachment #2: video (video/webm) â”€â”€â”€â”€â”€â”€â”€â”€â”€â”€â”€â”€â”€â”€â”€â”€â”€â”€â”€â”€â”€â”€â”€â”€â”€â”€â”€â”€â”€â”€â”€â”€â”€â”€â”€â”€â”€â”€â”€â”€â”€â”€â”€â”€â”€â”€â”€â”€â”€â”€â”€â”€â”€â”€â”€â”€â”€â”€â”€â”€â”€â”€
    test-results/production-integration-tes-801c4-e-Platform-Integration-Test-Mobile-Chrome/video.webm
    â”€â”€â”€â”€â”€â”€â”€â”€â”€â”€â”€â”€â”€â”€â”€â”€â”€â”€â”€â”€â”€â”€â”€â”€â”€â”€â”€â”€â”€â”€â”€â”€â”€â”€â”€â”€â”€â”€â”€â”€â”€â”€â”€â”€â”€â”€â”€â”€â”€â”€â”€â”€â”€â”€â”€â”€â”€â”€â”€â”€â”€â”€â”€â”€â”€â”€â”€â”€â”€â”€â”€â”€â”€â”€â”€â”€â”€â”€â”€â”€â”€â”€â”€â”€â”€â”€â”€â”€â”€â”€â”€â”€â”€â”€â”€â”€

    Error Context: ../../test-results/production-integration-tes-801c4-e-Platform-Integration-Test-Mobile-Chrome/error-context.md
]]>
</failure>
<system-out>
<![CDATA[ðŸš€ Testing complete AIrWAVE platform integration...
ðŸŽ¯ Using demo authentication...
âœ… Demo authentication completed

[[ATTACHMENT|production-integration-tes-801c4-e-Platform-Integration-Test-Mobile-Chrome/test-failed-1.png]]

[[ATTACHMENT|production-integration-tes-801c4-e-Platform-Integration-Test-Mobile-Chrome/video.webm]]

[[ATTACHMENT|production-integration-tes-801c4-e-Platform-Integration-Test-Mobile-Chrome/error-context.md]]
]]>
</system-out>
</testcase>
<testcase name="Production AIrWAVE Integration Tests with Demo Auth â€º Performance and Load Test" classname="production-integration-test.spec.ts" time="21.369">
<system-out>
<![CDATA[âš¡ Testing performance and load times...
Landing page load time: 1525ms
ðŸŽ¯ Using demo authentication...
âœ… Demo authentication completed
Authentication flow time: 4770ms
OpenAI Test response time: 970ms âœ…
Creatomate Test response time: 561ms âœ…
Health Check response time: 10830ms âœ…
/dashboard navigation time: 693ms
/assets navigation time: 665ms
/generate-enhanced navigation time: 1066ms
âš¡ Performance testing completed

[[ATTACHMENT|production-integration-tes-eb1bf-h-Performance-and-Load-Test-Mobile-Chrome/test-finished-1.png]]
]]>
</system-out>
</testcase>
<testcase name="Production AIrWAVE Integration Tests with Demo Auth â€º Error Handling and Edge Cases" classname="production-integration-test.spec.ts" time="6.876">
<system-out>
<![CDATA[ðŸ›¡ï¸ Testing error handling and edge cases...
ðŸŽ¯ Using demo authentication...
âœ… Demo authentication completed
Invalid Video Status: âœ… PROPERLY REJECTED
Invalid AI Generation: âœ… PROPERLY REJECTED
ðŸ“¡ Testing offline behavior...
Offline handling: âš ï¸ NO SPECIFIC HANDLING
ðŸ›¡ï¸ Error handling testing completed

[[ATTACHMENT|production-integration-tes-48bdd-ror-Handling-and-Edge-Cases-Mobile-Chrome/test-finished-1.png]]
]]>
</system-out>
</testcase>
</testsuite>
<testsuite name="production-integration-test.spec.ts" timestamp="2025-05-30T10:37:55.620Z" hostname="Mobile Safari" tests="3" failures="1" skipped="0" time="42.6" errors="0">
<testcase name="Production AIrWAVE Integration Tests with Demo Auth â€º Complete Platform Integration Test" classname="production-integration-test.spec.ts" time="15.608">
<failure message="production-integration-test.spec.ts:31:7 Complete Platform Integration Test" type="FAILURE">
<![CDATA[  [Mobile Safari] â€º production-integration-test.spec.ts:31:7 â€º Production AIrWAVE Integration Tests with Demo Auth â€º Complete Platform Integration Test 

    Error: Timed out 10000ms waiting for expect(locator).toBeVisible()

    Locator: locator('main, [role="main"], .dashboard')
    Expected: visible
    Received: <element(s) not found>
    Call log:
      - expect.toBeVisible with timeout 10000ms
      - waiting for locator('main, [role="main"], .dashboard')


      37 |     // Verify dashboard access
      38 |     const dashboardContent = page.locator('main, [role="main"], .dashboard');
    > 39 |     await expect(dashboardContent).toBeVisible({ timeout: 10000 });
         |                                    ^
      40 |     console.log('âœ… Dashboard accessible');
      41 |     
      42 |     // Test 2: OpenAI Integration
        at /Users/thomasdowuona-hyde/AIRWAVE_0525_CODEX/tests/e2e/production-integration-test.spec.ts:39:36

    attachment #1: screenshot (image/png) â”€â”€â”€â”€â”€â”€â”€â”€â”€â”€â”€â”€â”€â”€â”€â”€â”€â”€â”€â”€â”€â”€â”€â”€â”€â”€â”€â”€â”€â”€â”€â”€â”€â”€â”€â”€â”€â”€â”€â”€â”€â”€â”€â”€â”€â”€â”€â”€â”€â”€â”€â”€â”€â”€â”€â”€â”€â”€
    test-results/production-integration-tes-801c4-e-Platform-Integration-Test-Mobile-Safari/test-failed-1.png
    â”€â”€â”€â”€â”€â”€â”€â”€â”€â”€â”€â”€â”€â”€â”€â”€â”€â”€â”€â”€â”€â”€â”€â”€â”€â”€â”€â”€â”€â”€â”€â”€â”€â”€â”€â”€â”€â”€â”€â”€â”€â”€â”€â”€â”€â”€â”€â”€â”€â”€â”€â”€â”€â”€â”€â”€â”€â”€â”€â”€â”€â”€â”€â”€â”€â”€â”€â”€â”€â”€â”€â”€â”€â”€â”€â”€â”€â”€â”€â”€â”€â”€â”€â”€â”€â”€â”€â”€â”€â”€â”€â”€â”€â”€â”€â”€

    attachment #2: video (video/webm) â”€â”€â”€â”€â”€â”€â”€â”€â”€â”€â”€â”€â”€â”€â”€â”€â”€â”€â”€â”€â”€â”€â”€â”€â”€â”€â”€â”€â”€â”€â”€â”€â”€â”€â”€â”€â”€â”€â”€â”€â”€â”€â”€â”€â”€â”€â”€â”€â”€â”€â”€â”€â”€â”€â”€â”€â”€â”€â”€â”€â”€â”€
    test-results/production-integration-tes-801c4-e-Platform-Integration-Test-Mobile-Safari/video.webm
    â”€â”€â”€â”€â”€â”€â”€â”€â”€â”€â”€â”€â”€â”€â”€â”€â”€â”€â”€â”€â”€â”€â”€â”€â”€â”€â”€â”€â”€â”€â”€â”€â”€â”€â”€â”€â”€â”€â”€â”€â”€â”€â”€â”€â”€â”€â”€â”€â”€â”€â”€â”€â”€â”€â”€â”€â”€â”€â”€â”€â”€â”€â”€â”€â”€â”€â”€â”€â”€â”€â”€â”€â”€â”€â”€â”€â”€â”€â”€â”€â”€â”€â”€â”€â”€â”€â”€â”€â”€â”€â”€â”€â”€â”€â”€â”€

    Error Context: ../../test-results/production-integration-tes-801c4-e-Platform-Integration-Test-Mobile-Safari/error-context.md
]]>
</failure>
<system-out>
<![CDATA[ðŸš€ Testing complete AIrWAVE platform integration...
ðŸŽ¯ Using demo authentication...
âœ… Demo authentication completed

[[ATTACHMENT|production-integration-tes-801c4-e-Platform-Integration-Test-Mobile-Safari/test-failed-1.png]]

[[ATTACHMENT|production-integration-tes-801c4-e-Platform-Integration-Test-Mobile-Safari/video.webm]]

[[ATTACHMENT|production-integration-tes-801c4-e-Platform-Integration-Test-Mobile-Safari/error-context.md]]
]]>
</system-out>
</testcase>
<testcase name="Production AIrWAVE Integration Tests with Demo Auth â€º Performance and Load Test" classname="production-integration-test.spec.ts" time="20.777">
<system-out>
<![CDATA[âš¡ Testing performance and load times...
Landing page load time: 597ms
ðŸŽ¯ Using demo authentication...
âœ… Demo authentication completed
Authentication flow time: 4482ms
OpenAI Test response time: 1833ms âœ…
Creatomate Test response time: 689ms âœ…
Health Check response time: 10856ms âœ…
/dashboard navigation time: 713ms
/assets navigation time: 664ms
/generate-enhanced navigation time: 682ms
âš¡ Performance testing completed

[[ATTACHMENT|production-integration-tes-eb1bf-h-Performance-and-Load-Test-Mobile-Safari/test-finished-1.png]]
]]>
</system-out>
</testcase>
<testcase name="Production AIrWAVE Integration Tests with Demo Auth â€º Error Handling and Edge Cases" classname="production-integration-test.spec.ts" time="6.215">
<system-out>
<![CDATA[ðŸ›¡ï¸ Testing error handling and edge cases...
ðŸŽ¯ Using demo authentication...
âœ… Demo authentication completed
Invalid Video Status: âœ… PROPERLY REJECTED
Invalid AI Generation: âœ… PROPERLY REJECTED
ðŸ“¡ Testing offline behavior...
Offline handling: âš ï¸ NO SPECIFIC HANDLING
ðŸ›¡ï¸ Error handling testing completed

[[ATTACHMENT|production-integration-tes-48bdd-ror-Handling-and-Edge-Cases-Mobile-Safari/test-finished-1.png]]
]]>
</system-out>
</testcase>
</testsuite>
</testsuites>